This is XeTeX, Version 3.1415926-2.4-0.9998 (TeX Live 2012/Debian) (format=xelatex 2014.3.2)  27 DEC 2015 00:48
entering extended mode
 restricted \write18 enabled.
 %&-line parsing enabled.
**C89Book
(./C89Book.tex
LaTeX2e <2011/06/27>
Babel <v3.8m> and hyphenation patterns for english, dumylang, nohyphenation, et
hiopic, farsi, arabic, pinyin, croatian, bulgarian, ukrainian, russian, slovak,
 czech, danish, dutch, usenglishmax, ukenglish, finnish, french, basque, ngerma
n, german, swissgerman, ngerman-x-2012-05-30, german-x-2012-05-30, monogreek, g
reek, ibycus, ancientgreek, hungarian, bengali, tamil, hindi, telugu, gujarati,
 sanskrit, malayalam, kannada, assamese, marathi, oriya, panjabi, italian, lati
n, latvian, lithuanian, mongolian, mongolianlmc, nynorsk, bokmal, indonesian, e
speranto, coptic, welsh, irish, interlingua, serbian, serbianc, slovenian, friu
lan, romansh, estonian, romanian, armenian, uppersorbian, turkish, afrikaans, i
celandic, kurmanji, polish, portuguese, galician, catalan, spanish, swedish, th
ai, loaded.
(/usr/share/texlive/texmf-dist/tex/latex/extsizes/extarticle.cls
Document Class: extarticle 1996/10/08 v1.0 Non Standard LaTeX document class
(/usr/share/texlive/texmf-dist/tex/latex/base/size12.clo
File: size12.clo 2007/10/19 v1.4h Standard LaTeX file (size option)
)
(/usr/share/texlive/texmf-dist/tex/latex/base/exscale.sty
Package: exscale 2007/10/29 v2.1h Standard LaTeX package exscale
LaTeX Font Info:    Redeclaring symbol font `largesymbols' on input line 52.
LaTeX Font Info:    Overwriting symbol font `largesymbols' in version `normal'
(Font)                  OMX/cmex/m/n --> OMX/cmex/m/n on input line 52.
LaTeX Font Info:    Overwriting symbol font `largesymbols' in version `bold'
(Font)                  OMX/cmex/m/n --> OMX/cmex/m/n on input line 52.
\big@size=\dimen102
)
\c@part=\count80
\c@section=\count81
\c@subsection=\count82
\c@subsubsection=\count83
\c@paragraph=\count84
\c@subparagraph=\count85
\c@figure=\count86
\c@table=\count87
\abovecaptionskip=\skip41
\belowcaptionskip=\skip42
\bibindent=\dimen103
)
(/usr/share/texlive/texmf-dist/tex/latex/xltxtra/xltxtra.sty
Package: xltxtra 2010/09/20 v0.5e Improvements for the "XeLaTeX" format

(/usr/share/texlive/texmf-dist/tex/generic/oberdiek/ifluatex.sty
Package: ifluatex 2010/03/01 v1.3 Provides the ifluatex switch (HO)
Package ifluatex Info: LuaTeX not detected.
)
(/usr/share/texlive/texmf-dist/tex/generic/ifxetex/ifxetex.sty
Package: ifxetex 2010/09/12 v0.6 Provides ifxetex conditional
)
(/usr/share/texlive/texmf-dist/tex/latex/fontspec/fontspec.sty
Package: fontspec 2012/05/06 v2.2b Advanced font selection for XeLaTeX/LuaLaTeX


(/usr/share/texlive/texmf-dist/tex/latex/l3kernel/expl3.sty
(/usr/share/texlive/texmf-dist/tex/latex/l3kernel/l3names.sty
(/usr/share/texlive/texmf-dist/tex/latex/l3kernel/l3bootstrap.sty
Package: l3bootstrap 2011/12/29 v3110 L3 Experimental bootstrap code
)
Package: l3names 2012/03/04 v3494 L3 Experimental namespace for primitives
)
(/usr/share/texlive/texmf-dist/tex/latex/etex-pkg/etex.sty
Package: etex 1998/03/26 v2.0 eTeX basic definition package (PEB)
\et@xins=\count88
)
Package: expl3 2012/04/23 v3570 L3 Experimental code bundle wrapper

(/usr/share/texlive/texmf-dist/tex/latex/graphics/color.sty
Package: color 2005/11/14 v1.0j Standard LaTeX Color (DPC)

(/usr/share/texlive/texmf-dist/tex/latex/latexconfig/color.cfg
File: color.cfg 2007/01/18 v1.5 color configuration of teTeX/TeXLive
)
Package color Info: Driver file: xetex.def on input line 130.

(/usr/share/texlive/texmf-dist/tex/xelatex/xetex-def/xetex.def
File: xetex.def 2009/11/22 v0.94 LaTeX color/graphics driver for XeTeX (RRM/JK)

))
(/usr/share/texlive/texmf-dist/tex/latex/graphics/graphics.sty
Package: graphics 2009/02/05 v1.0o Standard LaTeX Graphics (DPC,SPQR)

(/usr/share/texlive/texmf-dist/tex/latex/graphics/trig.sty
Package: trig 1999/03/16 v1.09 sin cos tan (DPC)
)
(/usr/share/texlive/texmf-dist/tex/latex/latexconfig/graphics.cfg
File: graphics.cfg 2010/04/23 v1.9 graphics configuration of TeX Live
)
Package graphics Info: Driver file: xetex.def on input line 91.
)
(/usr/share/texlive/texmf-dist/tex/latex/l3kernel/l3basics.sty
Package: l3basics 2012/03/04 v3491 L3 Experimental basic definitions
)
(/usr/share/texlive/texmf-dist/tex/latex/l3kernel/l3expan.sty
Package: l3expan 2012/02/26 v3460 L3 Experimental argument expansion
)
(/usr/share/texlive/texmf-dist/tex/latex/l3kernel/l3tl.sty
Package: l3tl 2012/03/04 v3490 L3 Experimental token lists
)
(/usr/share/texlive/texmf-dist/tex/latex/l3kernel/l3seq.sty
Package: l3seq 2012/03/04 v3490 L3 Experimental sequences and stacks
)
(/usr/share/texlive/texmf-dist/tex/latex/l3kernel/l3int.sty
Package: l3int 2012/03/04 v3490 L3 Experimental integers
\c_max_int=\count89
\l_tmpa_int=\count90
\l_tmpb_int=\count91
\l_tmpc_int=\count92
\g_tmpa_int=\count93
\g_tmpb_int=\count94
)
(/usr/share/texlive/texmf-dist/tex/latex/l3kernel/l3quark.sty
Package: l3quark 2012/02/12 v3384 L3 Experimental quarks
)
(/usr/share/texlive/texmf-dist/tex/latex/l3kernel/l3prg.sty
Package: l3prg 2012/03/04 v3490 L3 Experimental control structures
\g_prg_map_int=\count95
)
(/usr/share/texlive/texmf-dist/tex/latex/l3kernel/l3clist.sty
Package: l3clist 2012/03/04 v3490 L3 Experimental comma separated lists
)
(/usr/share/texlive/texmf-dist/tex/latex/l3kernel/l3token.sty
Package: l3token 2012/03/04 v3491 L3 Experimental token manipulation
)
(/usr/share/texlive/texmf-dist/tex/latex/l3kernel/l3prop.sty
Package: l3prop 2012/03/04 v3490 L3 Experimental property lists
)
(/usr/share/texlive/texmf-dist/tex/latex/l3kernel/l3msg.sty
Package: l3msg 2012/04/23 v3568 L3 Experimental messages
)
(/usr/share/texlive/texmf-dist/tex/latex/l3kernel/l3file.sty
Package: l3file 2012/03/09 v3520 L3 Experimental file and I/O operations
\l_iow_stream_int=\count96
\l_iow_line_length_int=\count97
\l_iow_target_length_int=\count98
\l_iow_current_line_int=\count99
\l_iow_current_word_int=\count100
\l_iow_current_indentation_int=\count101
)
(/usr/share/texlive/texmf-dist/tex/latex/l3kernel/l3skip.sty
Package: l3skip 2012/03/05 v3499 L3 Experimental dimensions and skips
\l_tmpa_dim=\dimen104
\l_tmpb_dim=\dimen105
\l_tmpc_dim=\dimen106
\g_tmpa_dim=\dimen107
\g_tmpb_dim=\dimen108
\l_tmpa_skip=\skip43
\l_tmpb_skip=\skip44
\l_tmpc_skip=\skip45
\g_tmpa_skip=\skip46
\g_tmpb_skip=\skip47
)
(/usr/share/texlive/texmf-dist/tex/latex/l3kernel/l3keys.sty
Package: l3keys 2012/03/03 v3487 L3 Experimental key-value interfaces
\g_keyval_level_int=\count102
\l_keys_choice_int=\count103
)
(/usr/share/texlive/texmf-dist/tex/latex/l3kernel/l3fp.sty
Package: l3fp 2012/03/04 v3490 L3 Experimental floating-point operations
\c_one_hundred_million=\count104
\c_five_hundred_million=\count105
\c_one_thousand_million=\count106
\c_fp_pi_by_four_decimal_int=\count107
\c_fp_pi_by_four_extended_int=\count108
\c_fp_pi_decimal_int=\count109
\c_fp_pi_extended_int=\count110
\c_fp_two_pi_decimal_int=\count111
\c_fp_two_pi_extended_int=\count112
\l_fp_count_int=\count113
\l_fp_div_offset_int=\count114
\l_fp_exp_integer_int=\count115
\l_fp_exp_decimal_int=\count116
\l_fp_exp_extended_int=\count117
\l_fp_exp_exponent_int=\count118
\l_fp_input_a_sign_int=\count119
\l_fp_input_a_integer_int=\count120
\l_fp_input_a_decimal_int=\count121
\l_fp_input_a_exponent_int=\count122
\l_fp_input_b_sign_int=\count123
\l_fp_input_b_integer_int=\count124
\l_fp_input_b_decimal_int=\count125
\l_fp_input_b_exponent_int=\count126
\l_fp_input_a_extended_int=\count127
\l_fp_input_b_extended_int=\count128
\l_fp_mul_a_i_int=\count129
\l_fp_mul_a_ii_int=\count130
\l_fp_mul_a_iii_int=\count131
\l_fp_mul_a_iv_int=\count132
\l_fp_mul_a_v_int=\count133
\l_fp_mul_a_vi_int=\count134
\l_fp_mul_b_i_int=\count135
\l_fp_mul_b_ii_int=\count136
\l_fp_mul_b_iii_int=\count137
\l_fp_mul_b_iv_int=\count138
\l_fp_mul_b_v_int=\count139
\l_fp_mul_b_vi_int=\count140
\l_fp_mul_output_int=\count141
\l_fp_output_sign_int=\count142
\l_fp_output_integer_int=\count143
\l_fp_output_decimal_int=\count144
\l_fp_output_exponent_int=\count145
\l_fp_output_extended_int=\count146
\l_fp_round_position_int=\count147
\l_fp_round_target_int=\count148
\l_fp_split_sign_int=\count149
\l_fp_internal_int=\count150
\l_fp_trig_octant_int=\count151
\l_fp_trig_sign_int=\count152
\l_fp_trig_decimal_int=\count153
\l_fp_trig_extended_int=\count154
\l_fp_internal_dim=\dimen109
\l_fp_internal_skip=\skip48
)
(/usr/share/texlive/texmf-dist/tex/latex/l3kernel/l3box.sty
Package: l3box 2012/03/04 v3490 L3 Experimental boxes
\l_tmpb_box=\box26
\l_box_top_dim=\dimen110
\l_box_bottom_dim=\dimen111
\l_box_left_dim=\dimen112
\l_box_right_dim=\dimen113
\l_box_top_new_dim=\dimen114
\l_box_bottom_new_dim=\dimen115
\l_box_left_new_dim=\dimen116
\l_box_right_new_dim=\dimen117
\l_box_internal_box=\box27
)
(/usr/share/texlive/texmf-dist/tex/latex/l3kernel/l3coffins.sty
Package: l3coffins 2012/03/03 v3482 L3 Experimental coffin code layer
\l_coffin_internal_box=\box28
\l_coffin_internal_dim=\dimen118
\l_coffin_offset_x_dim=\dimen119
\l_coffin_offset_y_dim=\dimen120
\l_coffin_x_dim=\dimen121
\l_coffin_y_dim=\dimen122
\l_coffin_x_prime_dim=\dimen123
\l_coffin_y_prime_dim=\dimen124
\l_coffin_Depth_dim=\dimen125
\l_coffin_Height_dim=\dimen126
\l_coffin_TotalHeight_dim=\dimen127
\l_coffin_Width_dim=\dimen128
\c_empty_coffin=\box29
\l_coffin_aligned_coffin=\box30
\l_coffin_aligned_internal_coffin=\box31
\l_coffin_bounding_shift_dim=\dimen129
\l_coffin_left_corner_dim=\dimen130
\l_coffin_right_corner_dim=\dimen131
\l_coffin_bottom_corner_dim=\dimen132
\l_coffin_top_corner_dim=\dimen133
\l_coffin_scaled_total_height_dim=\dimen134
\l_coffin_scaled_width_dim=\dimen135
\l_coffin_display_coffin=\box32
\l_coffin_display_coord_coffin=\box33
\l_coffin_display_pole_coffin=\box34
\l_coffin_display_offset_dim=\dimen136
\l_coffin_display_x_dim=\dimen137
\l_coffin_display_y_dim=\dimen138
)
(/usr/share/texlive/texmf-dist/tex/latex/l3kernel/l3color.sty
Package: l3color 2011/09/07 v2776 L3 Experimental colour support
)
(/usr/share/texlive/texmf-dist/tex/latex/l3kernel/l3luatex.sty
Package: l3luatex 2012/02/09 v3355 L3 Experimental LuaTeX-specific functions
\g_cctab_allocate_int=\count155
\g_cctab_stack_int=\count156
))
(/usr/share/texlive/texmf-dist/tex/latex/l3packages/xparse/xparse.sty
Package: xparse 2012/04/23 v3570 L3 Experimental document command parser
\l_xparse_current_arg_int=\count157
\l_xparse_m_args_int=\count158
\l_xparse_mandatory_args_int=\count159
\l_xparse_processor_int=\count160
\l_xparse_v_nesting_int=\count161
)
\l_fontspec_script_int=\count162
\l_fontspec_language_int=\count163
\l_fontspec_strnum_int=\count164
\l_fontspec_tmpa_dim=\dimen139
\l_fontspec_tmpb_dim=\dimen140
\l_fontspec_tmpc_dim=\dimen141
Variant \tl_gset:cV already defined; not changing it on line 66

(/usr/share/texlive/texmf-dist/tex/latex/fontspec/fontspec-patches.sty
Package: fontspec-patches 2012/05/06 v2.2b Advanced font selection for XeLaTeX/
LuaLaTeX

(/usr/share/texlive/texmf-dist/tex/latex/base/fixltx2e.sty
Package: fixltx2e 2006/09/13 v1.1m fixes to LaTeX
LaTeX Info: Redefining \em on input line 420.
)
LaTeX Info: Redefining \em on input line 22.
LaTeX Info: Redefining \emph on input line 29.
LaTeX Info: Redefining \- on input line 32.

*************************************************
* LaTeX warning: "xparse/redefine-command"
* 
* Redefining document command \oldstylenums with arg. spec. 'm' on line 107.
*************************************************
.................................................
. LaTeX info: "xparse/define-command"
. 
. Defining document command \liningnums with arg. spec. 'm' on line 111.
.................................................
) (/usr/share/texlive/texmf-dist/tex/latex/fontspec/fontspec-xetex.sty
Package: fontspec-xetex 2012/05/06 v2.2b Advanced font selection for XeLaTeX/Lu
aLaTeX

(/usr/share/texlive/texmf-dist/tex/latex/base/fontenc.sty
Package: fontenc 2005/09/27 v1.99g Standard LaTeX package

(/usr/share/texlive/texmf-dist/tex/latex/euenc/eu1enc.def
File: eu1enc.def 2010/05/27 v0.1h Experimental Unicode font encodings
)
LaTeX Font Info:    Try loading font information for EU1+lmr on input line 100.


(/usr/share/texlive/texmf-dist/tex/latex/euenc/eu1lmr.fd
File: eu1lmr.fd 2009/10/30 v1.6 Font defs for Latin Modern
))
(/usr/share/texlive/texmf-dist/tex/xelatex/xunicode/xunicode.sty
File: xunicode.sty 2011/09/09 v0.981 provides access to latin accents and many 
other characters in Unicode lower plane

(/usr/share/texmf/tex/latex/tipa/t3enc.def
File: t3enc.def 2001/12/31 T3 encoding
LaTeX Font Info:    Try loading font information for EU1+lmss on input line 357
.

(/usr/share/texlive/texmf-dist/tex/latex/euenc/eu1lmss.fd
File: eu1lmss.fd 2009/10/30 v1.6 Font defs for Latin Modern
))
\tipaTiiicode=\count165
\tipasavetokens=\toks14
\tipachecktokens=\toks15

(/usr/share/texlive/texmf-dist/tex/latex/graphics/graphicx.sty
Package: graphicx 1999/02/16 v1.0f Enhanced LaTeX Graphics (DPC,SPQR)

(/usr/share/texlive/texmf-dist/tex/latex/graphics/keyval.sty
Package: keyval 1999/03/16 v1.13 key=value parser (DPC)
\KV@toks@=\toks16
)
\Gin@req@height=\dimen142
\Gin@req@width=\dimen143
))
.................................................
. LaTeX info: "xparse/define-command"
. 
. Defining document command \fontspec with arg. spec. 'O{}m' on line 39.
.................................................
.................................................
. LaTeX info: "xparse/define-command"
. 
. Defining document command \setmainfont with arg. spec. 'O{}m' on line 43.
.................................................
.................................................
. LaTeX info: "xparse/define-command"
. 
. Defining document command \setsansfont with arg. spec. 'O{}m' on line 47.
.................................................
.................................................
. LaTeX info: "xparse/define-command"
. 
. Defining document command \setmonofont with arg. spec. 'O{}m' on line 51.
.................................................
.................................................
. LaTeX info: "xparse/define-command"
. 
. Defining document command \setmathrm with arg. spec. 'O{}m' on line 59.
.................................................
.................................................
. LaTeX info: "xparse/define-command"
. 
. Defining document command \setboldmathrm with arg. spec. 'O{}m' on line 62.
.................................................
.................................................
. LaTeX info: "xparse/define-command"
. 
. Defining document command \setmathsf with arg. spec. 'O{}m' on line 65.
.................................................
.................................................
. LaTeX info: "xparse/define-command"
. 
. Defining document command \setmathtt with arg. spec. 'O{}m' on line 68.
.................................................
.................................................
. LaTeX info: "xparse/define-command"
. 
. Defining document command \newfontfamily with arg. spec. 'mO{}m' on line 84.
.................................................
.................................................
. LaTeX info: "xparse/define-command"
. 
. Defining document command \newfontface with arg. spec. 'mO{}m' on line 87.
.................................................
.................................................
. LaTeX info: "xparse/define-command"
. 
. Defining document command \defaultfontfeatures with arg. spec. 'm' on line
. 91.
.................................................
.................................................
. LaTeX info: "xparse/define-command"
. 
. Defining document command \addfontfeatures with arg. spec. 'm' on line 107.
.................................................
.................................................
. LaTeX info: "xparse/define-command"
. 
. Defining document command \newfontfeature with arg. spec. 'mm' on line 118.
.................................................
.................................................
. LaTeX info: "xparse/define-command"
. 
. Defining document command \newAATfeature with arg. spec. 'mmmm' on line 125.
.................................................
.................................................
. LaTeX info: "xparse/define-command"
. 
. Defining document command \newICUfeature with arg. spec. 'mmm' on line 132.
.................................................
.................................................
. LaTeX info: "xparse/define-command"
. 
. Defining document command \aliasfontfeature with arg. spec. 'mm' on line
. 159.
.................................................
.................................................
. LaTeX info: "xparse/define-command"
. 
. Defining document command \aliasfontfeatureoption with arg. spec. 'mmm' on
. line 164.
.................................................
.................................................
. LaTeX info: "xparse/define-command"
. 
. Defining document command \newfontscript with arg. spec. 'mm' on line 169.
.................................................
.................................................
. LaTeX info: "xparse/define-command"
. 
. Defining document command \newfontlanguage with arg. spec. 'mm' on line 192.
.................................................
.................................................
. LaTeX info: "xparse/define-command"
. 
. Defining document command \DeclareFontsExtensions with arg. spec. 'm' on
. line 211.
.................................................
Variant \prop_gput:cnV already defined; not changing it on line 485
Variant \prop_gput:cnx already defined; not changing it on line 486
\l_fontspec_tmp_int=\count166
LaTeX Info: Redefining \itshape on input line 1893.
LaTeX Info: Redefining \slshape on input line 1897.
LaTeX Info: Redefining \scshape on input line 1901.
LaTeX Info: Redefining \upshape on input line 1905.

(/usr/share/texlive/texmf-dist/tex/latex/fontspec/fontspec.cfg)))
(/usr/share/texlive/texmf-dist/tex/latex/realscripts/realscripts.sty
Package: realscripts 2010/09/30 v0.3 Access OpenType subscripts and superscript
s
.................................................
. LaTeX info: "xparse/define-command"
. 
. Defining document command \fakesubscript with arg. spec. 'm' on line 19.
.................................................
.................................................
. LaTeX info: "xparse/define-command"
. 
. Defining document command \fakesuperscript with arg. spec. 'm' on line 22.
.................................................

*************************************************
* LaTeX warning: "xparse/redefine-command"
* 
* Redefining document command \textsubscript with arg. spec. 's' on line 25.
*************************************************
*************************************************
* LaTeX warning: "xparse/redefine-command"
* 
* Redefining document command \textsuperscript with arg. spec. 's' on line 28.
*************************************************
.................................................
. LaTeX info: "xparse/define-command"
. 
. Defining document command \realsubscript with arg. spec. 'm' on line 45.
.................................................
.................................................
. LaTeX info: "xparse/define-command"
. 
. Defining document command \realsuperscript with arg. spec. 'm' on line 60.
.................................................
.................................................
. LaTeX info: "xparse/define-command"
. 
. Defining document command \textsubsuperscript with arg. spec. 'sO{l}mm' on
. line 137.
.................................................
.................................................
. LaTeX info: "xparse/define-command"
. 
. Defining document command \textsupersubscript with arg. spec. 'sO{l}mm' on
. line 140.
.................................................
\subsupersep=\dimen144
) (/usr/share/texlive/texmf-dist/tex/latex/metalogo/metalogo.sty
Package: metalogo 2010/05/29 v0.12 Extended TeX logo macros
\xl@everylogo=\toks17
\xl@@everylogo=\toks18
LaTeX Info: Redefining \TeX on input line 193.
LaTeX Info: Redefining \LaTeX on input line 202.
LaTeX Info: Redefining \LaTeXe on input line 219.
)
\xxt@tempbox=\box35
)
\g_fontspec_family_IPAPMincho_int=\count167
.................................................
. fontspec info: "no-font-shape"
. 
. Could not resolve font IPAPMincho/B (it probably doesn't exist).
.................................................
.................................................
. fontspec info: "no-font-shape"
. 
. Could not resolve font IPAPMincho/I (it probably doesn't exist).
.................................................
.................................................
. fontspec info: "no-font-shape"
. 
. Could not resolve font IPAPMincho/BI (it probably doesn't exist).
.................................................
.................................................
. fontspec info: "defining-font"
. 
. Font family 'IPAPMincho(0)' created for font 'IPAPMincho' with options
. [Ligatures=TeX].
. 
. This font family consists of the following shapes:
. 
. * 'normal' with NFSS spec.:
. <->"IPAPMincho/ICU:script=latn;language=DFLT;mapping=tex-text;"
.................................................
\g_fontspec_family_IPAPGothic_int=\count168
.................................................
. fontspec info: "no-font-shape"
. 
. Could not resolve font IPAPGothic/B (it probably doesn't exist).
.................................................
.................................................
. fontspec info: "no-font-shape"
. 
. Could not resolve font IPAPGothic/I (it probably doesn't exist).
.................................................
.................................................
. fontspec info: "no-font-shape"
. 
. Could not resolve font IPAPGothic/BI (it probably doesn't exist).
.................................................
.................................................
. fontspec info: "defining-font"
. 
. Font family 'IPAPGothic(0)' created for font 'IPAPGothic' with options [].
. 
. This font family consists of the following shapes:
. 
. * 'normal' with NFSS spec.:
. <->"IPAPGothic/ICU:script=latn;language=DFLT;"
.................................................
\g_fontspec_family_IPAGothic_int=\count169
.................................................
. fontspec info: "no-font-shape"
. 
. Could not resolve font IPAGothic/B (it probably doesn't exist).
.................................................
.................................................
. fontspec info: "no-font-shape"
. 
. Could not resolve font IPAGothic/I (it probably doesn't exist).
.................................................
.................................................
. fontspec info: "no-font-shape"
. 
. Could not resolve font IPAGothic/BI (it probably doesn't exist).
.................................................
.................................................
. fontspec info: "defining-font"
. 
. Font family 'IPAGothic(0)' created for font 'IPAGothic' with options [].
. 
. This font family consists of the following shapes:
. 
. * 'normal' with NFSS spec.:
. <->"IPAGothic/ICU:script=latn;language=DFLT;"
.................................................

(/usr/share/texlive/texmf-dist/tex/latex/hyperref/hyperref.sty
Package: hyperref 2012/05/13 v6.82q Hypertext links for LaTeX

(/usr/share/texlive/texmf-dist/tex/generic/oberdiek/hobsub-hyperref.sty
Package: hobsub-hyperref 2012/05/28 v1.13 Bundle oberdiek, subset hyperref (HO)


(/usr/share/texlive/texmf-dist/tex/generic/oberdiek/hobsub-generic.sty
Package: hobsub-generic 2012/05/28 v1.13 Bundle oberdiek, subset generic (HO)
Package: hobsub 2012/05/28 v1.13 Construct package bundles (HO)
Package: infwarerr 2010/04/08 v1.3 Providing info/warning/error messages (HO)
Package: ltxcmds 2011/11/09 v1.22 LaTeX kernel commands for general use (HO)
Package hobsub Info: Skipping package `ifluatex' (already loaded).
Package: ifvtex 2010/03/01 v1.5 Detect VTeX and its facilities (HO)
Package ifvtex Info: VTeX not detected.
Package: intcalc 2007/09/27 v1.1 Expandable calculations with integers (HO)
Package: ifpdf 2011/01/30 v2.3 Provides the ifpdf switch (HO)
Package ifpdf Info: pdfTeX in PDF mode is not detected.
Package: etexcmds 2011/02/16 v1.5 Avoid name clashes with e-TeX commands (HO)
Package etexcmds Info: Could not find \expanded.
(etexcmds)             That can mean that you are not using pdfTeX 1.50 or
(etexcmds)             that some package has redefined \expanded.
(etexcmds)             In the latter case, load this package earlier.
Package: kvsetkeys 2012/04/25 v1.16 Key value parser (HO)
Package: kvdefinekeys 2011/04/07 v1.3 Define keys (HO)
Package: pdftexcmds 2011/11/29 v0.20 Utility functions of pdfTeX for LuaTeX (HO
)
Package pdftexcmds Info: LuaTeX not detected.
Package pdftexcmds Info: pdfTeX >= 1.30 not detected.
Package pdftexcmds Info: \pdf@primitive is available.
Package pdftexcmds Info: \pdf@ifprimitive is available.
Package pdftexcmds Info: \pdfdraftmode not found.
Package: pdfescape 2011/11/25 v1.13 Implements pdfTeX's escape features (HO)
Package: bigintcalc 2012/04/08 v1.3 Expandable calculations on big integers (HO
)
Package: bitset 2011/01/30 v1.1 Handle bit-vector datatype (HO)
Package: uniquecounter 2011/01/30 v1.2 Provide unlimited unique counter (HO)
)
Package hobsub Info: Skipping package `hobsub' (already loaded).
Package: letltxmacro 2010/09/02 v1.4 Let assignment for LaTeX macros (HO)
Package: hopatch 2012/05/28 v1.2 Wrapper for package hooks (HO)
Package: xcolor-patch 2011/01/30 xcolor patch
Package: atveryend 2011/06/30 v1.8 Hooks at the very end of document (HO)
Package atveryend Info: \enddocument detected (standard20110627).
Package: atbegshi 2011/10/05 v1.16 At begin shipout hook (HO)
Package: refcount 2011/10/16 v3.4 Data extraction from label references (HO)
Package: hycolor 2011/01/30 v1.7 Color options for hyperref/bookmark (HO)
)
(/usr/share/texlive/texmf-dist/tex/latex/oberdiek/kvoptions.sty
Package: kvoptions 2011/06/30 v3.11 Key value format for package options (HO)
)
\@linkdim=\dimen145
\Hy@linkcounter=\count170
\Hy@pagecounter=\count171

(/usr/share/texlive/texmf-dist/tex/latex/hyperref/pd1enc.def
File: pd1enc.def 2012/05/13 v6.82q Hyperref: PDFDocEncoding definition (HO)
)
\Hy@SavedSpaceFactor=\count172

(/usr/share/texlive/texmf-dist/tex/xelatex/xetexconfig/hyperref.cfg
File: hyperref.cfg 2008/07/11 v1.2 hyperref configuration for XeLaTeX
)
Package hyperref Info: Hyper figures OFF on input line 4062.
Package hyperref Info: Link nesting OFF on input line 4067.
Package hyperref Info: Hyper index ON on input line 4070.
Package hyperref Info: Plain pages OFF on input line 4077.
Package hyperref Info: Backreferencing OFF on input line 4082.
Package hyperref Info: Implicit mode ON; LaTeX internals redefined.
Package hyperref Info: Bookmarks ON on input line 4300.
\c@Hy@tempcnt=\count173

(/usr/share/texlive/texmf-dist/tex/latex/url/url.sty
\Urlmuskip=\muskip10
Package: url 2006/04/12  ver 3.3  Verb mode for urls, etc.
)
LaTeX Info: Redefining \url on input line 4653.
\Fld@menulength=\count174
\Field@Width=\dimen146
\Fld@charsize=\dimen147
Package hyperref Info: Hyper figures OFF on input line 5773.
Package hyperref Info: Link nesting OFF on input line 5778.
Package hyperref Info: Hyper index ON on input line 5781.
Package hyperref Info: backreferencing OFF on input line 5788.
Package hyperref Info: Link coloring OFF on input line 5793.
Package hyperref Info: Link coloring with OCG OFF on input line 5798.
Package hyperref Info: PDF/A mode OFF on input line 5803.
LaTeX Info: Redefining \ref on input line 5843.
LaTeX Info: Redefining \pageref on input line 5847.
\Hy@abspage=\count175
\c@Item=\count176
\c@Hfootnote=\count177
)

Package hyperref Message: Driver (autodetected): hxetex.

(/usr/share/texlive/texmf-dist/tex/latex/hyperref/hxetex.def
File: hxetex.def 2012/05/13 v6.82q Hyperref driver for XeTeX

(/usr/share/texlive/texmf-dist/tex/latex/hyperref/puenc.def
File: puenc.def 2012/05/13 v6.82q Hyperref: PDF Unicode definition (HO)
)
(/usr/share/texlive/texmf-dist/tex/generic/oberdiek/stringenc.sty
Package: stringenc 2011/12/02 v1.10 Convert strings between diff. encodings (HO
)
)
\pdfm@box=\box36
\c@Hy@AnnotLevel=\count178
\HyField@AnnotCount=\count179
\Fld@listcount=\count180
\c@bookmark@seq@number=\count181

(/usr/share/texlive/texmf-dist/tex/latex/oberdiek/rerunfilecheck.sty
Package: rerunfilecheck 2011/04/15 v1.7 Rerun checks for auxiliary files (HO)
Package rerunfilecheck Info: Feature \pdfmdfivesum is not available
(rerunfilecheck)             (e.g. pdfTeX or LuaTeX with package `pdftexcmds').

(rerunfilecheck)             Therefore file contents cannot be checked efficien
tly
(rerunfilecheck)             and the loading of the package is aborted.
)
\Hy@SectionHShift=\skip49
)

LaTeX Warning: Unused global option(s):
    [b5book].

No file C89Book.aux.
\openout1 = `C89Book.aux'.

LaTeX Font Info:    Checking defaults for OML/cmm/m/it on input line 11.
LaTeX Font Info:    ... okay on input line 11.
LaTeX Font Info:    Checking defaults for T1/cmr/m/n on input line 11.
LaTeX Font Info:    ... okay on input line 11.
LaTeX Font Info:    Checking defaults for OT1/cmr/m/n on input line 11.
LaTeX Font Info:    ... okay on input line 11.
LaTeX Font Info:    Checking defaults for OMS/cmsy/m/n on input line 11.
LaTeX Font Info:    ... okay on input line 11.
LaTeX Font Info:    Checking defaults for OMX/cmex/m/n on input line 11.
LaTeX Font Info:    ... okay on input line 11.
LaTeX Font Info:    Checking defaults for U/cmr/m/n on input line 11.
LaTeX Font Info:    ... okay on input line 11.
LaTeX Font Info:    Checking defaults for EU1/lmr/m/n on input line 11.
LaTeX Font Info:    ... okay on input line 11.
LaTeX Font Info:    Checking defaults for T3/cmr/m/n on input line 11.
LaTeX Font Info:    Try loading font information for T3+cmr on input line 11.
(/usr/share/texmf/tex/latex/tipa/t3cmr.fd
File: t3cmr.fd 2001/12/31 TIPA font definitions
)
LaTeX Font Info:    ... okay on input line 11.
LaTeX Font Info:    Checking defaults for PD1/pdf/m/n on input line 11.
LaTeX Font Info:    ... okay on input line 11.
LaTeX Font Info:    Checking defaults for PU/pdf/m/n on input line 11.
LaTeX Font Info:    ... okay on input line 11.
.................................................
. fontspec info: "setup-math"
. 
. Adjusting the maths setup (use [no-math] to avoid this).
.................................................
\symlegacymaths=\mathgroup4
LaTeX Font Info:    Overwriting symbol font `legacymaths' in version `bold'
(Font)                  OT1/cmr/m/n --> OT1/cmr/bx/n on input line 11.
LaTeX Font Info:    Redeclaring math accent \acute on input line 11.
LaTeX Font Info:    Redeclaring math accent \grave on input line 11.
LaTeX Font Info:    Redeclaring math accent \ddot on input line 11.
LaTeX Font Info:    Redeclaring math accent \tilde on input line 11.
LaTeX Font Info:    Redeclaring math accent \bar on input line 11.
LaTeX Font Info:    Redeclaring math accent \breve on input line 11.
LaTeX Font Info:    Redeclaring math accent \check on input line 11.
LaTeX Font Info:    Redeclaring math accent \hat on input line 11.
LaTeX Font Info:    Redeclaring math accent \dot on input line 11.
LaTeX Font Info:    Redeclaring math accent \mathring on input line 11.
LaTeX Font Info:    Redeclaring math symbol \colon on input line 11.
LaTeX Font Info:    Redeclaring math symbol \Gamma on input line 11.
LaTeX Font Info:    Redeclaring math symbol \Delta on input line 11.
LaTeX Font Info:    Redeclaring math symbol \Theta on input line 11.
LaTeX Font Info:    Redeclaring math symbol \Lambda on input line 11.
LaTeX Font Info:    Redeclaring math symbol \Xi on input line 11.
LaTeX Font Info:    Redeclaring math symbol \Pi on input line 11.
LaTeX Font Info:    Redeclaring math symbol \Sigma on input line 11.
LaTeX Font Info:    Redeclaring math symbol \Upsilon on input line 11.
LaTeX Font Info:    Redeclaring math symbol \Phi on input line 11.
LaTeX Font Info:    Redeclaring math symbol \Psi on input line 11.
LaTeX Font Info:    Redeclaring math symbol \Omega on input line 11.
LaTeX Font Info:    Redeclaring math symbol \mathdollar on input line 11.
LaTeX Font Info:    Redeclaring symbol font `operators' on input line 11.
LaTeX Font Info:    Encoding `OT1' has changed to `EU1' for symbol font
(Font)              `operators' in the math version `normal' on input line 11.
LaTeX Font Info:    Overwriting symbol font `operators' in version `normal'
(Font)                  OT1/cmr/m/n --> EU1/IPAPMincho(0)/m/n on input line 11.

LaTeX Font Info:    Encoding `OT1' has changed to `EU1' for symbol font
(Font)              `operators' in the math version `bold' on input line 11.
LaTeX Font Info:    Overwriting symbol font `operators' in version `bold'
(Font)                  OT1/cmr/bx/n --> EU1/IPAPMincho(0)/m/n on input line 11
.
LaTeX Font Info:    Overwriting symbol font `operators' in version `normal'
(Font)                  EU1/IPAPMincho(0)/m/n --> EU1/IPAPMincho(0)/m/n on inpu
t line 11.
LaTeX Font Info:    Overwriting math alphabet `\mathrm' in version `normal'
(Font)                  EU1/IPAPMincho(0)/m/n --> EU1/IPAPMincho(0)/m/n on inpu
t line 11.
LaTeX Font Info:    Overwriting math alphabet `\mathit' in version `normal'
(Font)                  OT1/cmr/m/it --> EU1/IPAPMincho(0)/m/it on input line 1
1.
LaTeX Font Info:    Overwriting math alphabet `\mathbf' in version `normal'
(Font)                  OT1/cmr/bx/n --> EU1/IPAPMincho(0)/bx/n on input line 1
1.
LaTeX Font Info:    Overwriting math alphabet `\mathsf' in version `normal'
(Font)                  OT1/cmss/m/n --> EU1/IPAPGothic(0)/m/n on input line 11
.
LaTeX Font Info:    Overwriting math alphabet `\mathtt' in version `normal'
(Font)                  OT1/cmtt/m/n --> EU1/IPAGothic(0)/m/n on input line 11.

LaTeX Font Info:    Overwriting symbol font `operators' in version `bold'
(Font)                  EU1/IPAPMincho(0)/m/n --> EU1/IPAPMincho(0)/bx/n on inp
ut line 11.
LaTeX Font Info:    Overwriting math alphabet `\mathrm' in version `bold'
(Font)                  EU1/IPAPMincho(0)/m/n --> EU1/IPAPMincho(0)/bx/n on inp
ut line 11.
LaTeX Font Info:    Overwriting math alphabet `\mathit' in version `bold'
(Font)                  OT1/cmr/bx/it --> EU1/IPAPMincho(0)/bx/it on input line
 11.
LaTeX Font Info:    Overwriting math alphabet `\mathsf' in version `bold'
(Font)                  OT1/cmss/bx/n --> EU1/IPAPGothic(0)/bx/n on input line 
11.
LaTeX Font Info:    Overwriting math alphabet `\mathtt' in version `bold'
(Font)                  OT1/cmtt/m/n --> EU1/IPAGothic(0)/bx/n on input line 11
.
\AtBeginShipoutBox=\box37
Package hyperref Info: Link coloring OFF on input line 11.

(/usr/share/texlive/texmf-dist/tex/latex/hyperref/nameref.sty
Package: nameref 2010/04/30 v2.40 Cross-referencing by name of section

(/usr/share/texlive/texmf-dist/tex/generic/oberdiek/gettitlestring.sty
Package: gettitlestring 2010/12/03 v1.4 Cleanup title references (HO)
)
\c@section@level=\count182
)
LaTeX Info: Redefining \ref on input line 11.
LaTeX Info: Redefining \pageref on input line 11.
LaTeX Info: Redefining \nameref on input line 11.
\@outlinefile=\write3
\openout3 = `C89Book.out'.



Package hyperref Warning: Rerun to get /PageLabels entry.


LaTeX Font Warning: Font shape `EU1/IPAPMincho(0)/bx/n' undefined
(Font)              using `EU1/IPAPMincho(0)/m/n' instead on input line 12.

(/usr/share/texlive/texmf-dist/tex/generic/oberdiek/se-ascii-print.def
File: se-ascii-print.def 2011/12/02 v1.10 stringenc: Printable ASCII characters

)
Overfull \hbox (0.52032pt too wide) in paragraph at lines 16--23
\EU1/IPAPMincho(0)/m/n/12 ã“ã‚“ã«ã¡ã¯ã€NoNameA 774ã§ã™ã€‚ KMC(äº¬å¤§ãƒã
‚¤ã‚³ãƒ³ã‚¯ãƒ©ãƒ–)ã¨ã„ã†Pietã‚µãƒ¼ã‚¯
 []


Overfull \hbox (3.04102pt too wide) in paragraph at lines 16--23
\EU1/IPAPMincho(0)/m/n/12 ãƒ«ã«å…¥ã£ã¦ã„ã‚‹ã®ã§ã™ãŒã€ ã‚µãƒ¼ã‚¯ãƒ«ã®ä
ººã€…ãŒPietã‚’æ‰‹ã§(æ›¸ã„ã¦ã‚‹|æã„ã¦ã‚‹)ã®ã‚’
 []


Overfull \hbox (18.39844pt too wide) in paragraph at lines 16--23
\EU1/IPAPMincho(0)/m/n/12 è¦‹ã¦ã€ çµµã¨ã—ã¦ã®æ„å‘³ã‚’æŒã¤æ–¹æ³•ä»¥å¤–ã
§Pietã‚’äººé–“ãŒæãã®ã¯ä¸æ¯›ã ã¨æ€ã„ã€ Piet
 []


Overfull \hbox (13.31818pt too wide) in paragraph at lines 24--29
[]\EU1/IPAPMincho(0)/m/n/12 å‰å›ã®ã‚³ãƒŸã‚±(C88)ã§ã‚‚åŒã˜ã‚ˆã†ãªãƒšãƒ¼ã
ƒ‘ã‚’å‡ºã—ãŸã®ã§(https://nna774.net/
 []


Overfull \hbox (1.01349pt too wide) in paragraph at lines 30--34
[]\EU1/IPAPMincho(0)/m/n/12 KMCã®éƒ¨èªŒã®è¨˜äº‹ã¨ã—ã¦ã“ã®æœ¬ã‚’å‡ºã•ãª
ã‹ã£ãŸæ„å‘³ã¯ã‚ã‚‹ã®ã‹ã€ã¨ã„ã†è©±ã‚‚
 []


Overfull \hbox (5.20898pt too wide) in paragraph at lines 30--34
\EU1/IPAPMincho(0)/m/n/12 ã‚ã‚Šã¾ã™ãŒ (ä»Šå›KMCã®éƒ¨èªŒã®è¨˜äº‹ã¨ã—ã¦
é é‡ã¸æ—…è¡Œã—ãŸæ—…è¡Œè¨˜ã‚’æ›¸ãã¾ã—ãŸã€‚
 []


Overfull \hbox (8.6543pt too wide) in paragraph at lines 30--34
\EU1/IPAPMincho(0)/m/n/12 ä»Šã“ã‚Œã‚’èª­ã‚“ã§ã‚‹æ™‚ç‚¹ã§ã¯ã»ã¼æ‰‹é…ã‚Œã
§ã‚ã‚‹å¯èƒ½ã›ãŒé«˜ã„ã§ã™ãŒãã¡ã‚‰ã‚‚ã‚ˆã‚ã—
 []


Overfull \hbox (7.80469pt too wide) in paragraph at lines 30--34
\EU1/IPAPMincho(0)/m/n/12 ããŠé¡˜ã„ã—ã¾ã™)ã€ ä¸€åº¦è‡ªåˆ†ã®ã‚µãƒ¼ã‚¯ãƒ«
ã§å‚åŠ ã—ãŸã‹ã£ãŸã¨ã„ã†ã“ã¨ã§ã‚ˆã‚ã—ããŠé¡˜
 []


Overfull \hbox (4.19531pt too wide) in paragraph at lines 37--40
\EU1/IPAPMincho(0)/m/n/12 ä»Šå›ã“ã®è¨˜äº‹ã¯ãƒ—ãƒ­ã‚°ãƒ©ãƒŸãƒ³ã‚°è¨€èªPietã
«ã¤ã„ã¦æ›¸ã„ã¦ã„ã‚‹ã®ã§ã€ Pietãã®ã‚‚ã®
 []


Overfull \hbox (5.93555pt too wide) in paragraph at lines 37--40
\EU1/IPAPMincho(0)/m/n/12 ã«ã¤ã„ã¦ã®è§£èª¬ã‚‚ã™ã¹ããªæ°—ãŒã™ã‚‹ã®ã
§ã™ãŒã€ ã“ã“ã§ã¯æ¦‚è¦ã‚’èª¬æ˜ã™ã‚‹ã«ç•™ã‚ã¾
 []


Overfull \hbox (35.22638pt too wide) in paragraph at lines 41--43
[]\EU1/IPAPMincho(0)/m/n/12 Pietã«ã¤ã„ã¦ã‚ˆã‚Šè©³ã—ãã¯å…¬å¼ã‚µã‚¤ãƒˆ(h
ttp://www.dangermouse.net/esoteric/
 []


Overfull \hbox (21.38672pt too wide) in paragraph at lines 41--43
\EU1/IPAPMincho(0)/m/n/12 piet.html)ã‚’è¦‹ã‚‹ãªã‚Šã€ ã†ã¡ã®éƒ¨å“¡ã®æ›¸ã„
ãŸã‚¹ãƒ©ã‚¤ãƒ‰(http://www.slideshare.net/
 []


Overfull \hbox (42.22266pt too wide) in paragraph at lines 44--48
\EU1/IPAPMincho(0)/m/n/12 ã‚’è§¦ã£ã¦ã¿ã‚ˆã† ã¨ã„ã†æ–¹ã¯ã“ã‚Œã‚’ä½¿ã†ã
‹ã€ ã¨ã‚Šã‚ãˆãšè©¦ã—ã¦ã¿ã‚‹ã ã‘ãªã‚‰PietDev(http://
 []


Overfull \hbox (33.78497pt too wide) in paragraph at lines 49--53
[]\EU1/IPAPMincho(0)/m/n/12 ã‚ã¨ã“ã‚Œã¯Pietã«é–¢ä¿‚ãªã„ã®ã§ã™ãŒã€ ä
¸Šè¨˜ã®ã‚¹ãƒ©ã‚¤ãƒ‰ã«å‡ºã¦ãã‚‹UnambiSweeper
 []


Overfull \hbox (19.20703pt too wide) in paragraph at lines 49--53
\EU1/IPAPMincho(0)/m/n/12 ã§ã™ãŒã€ ç¾åœ¨ä½œè€…ã«ã‚ˆã‚Šã‚¢ãƒ³ãƒ‰ãƒ­ã‚¤ãƒ‰ã
‚¢ãƒ—ãƒªã¨ã—ã¦ãƒªãƒªãƒ¼ã‚¹ã‚‚ã•ã‚Œã¦ã„ã‚‹ã®ã§(https://
 []


Overfull \hbox (27.84375pt too wide) in paragraph at lines 49--53
\EU1/IPAPMincho(0)/m/n/12 play.google.com/store/apps/details?id=jp.nobody.dnek.
unambisweeper)ã€
 []


Overfull \hbox (3.46289pt too wide) in paragraph at lines 56--60
\EU1/IPAPMincho(0)/bx/n/12 ãƒã‚¼ãƒ³ã‚¿ã®6è‰²ã¨ã€ ãã‚Œã«æ˜ã€æ™®é€šã€æš
—ã®ä¸‰ç¨®é¡ã‚’çµ„ã¿åˆã‚ã›ãŸåˆè¨ˆ18è‰²ã«ç™½ã¨
 []


Overfull \hbox (3.2461pt too wide) in paragraph at lines 56--60
\EU1/IPAPMincho(0)/bx/n/12 é»’ã‚’åˆã‚ã›ãŸåˆè¨ˆ20è‰²ã§ã™ã€‚ ã“ã®è‰²ã¨æ
˜åº¦ã¯ã“ã®é †åºã§å¾Œè¿°ã™ã‚‹å·®ã‚’è€ƒãˆã‚‹ã¨
 []

[1

]
Overfull \hbox (11.5252pt too wide) in paragraph at lines 61--70
[]\EU1/IPAPMincho(0)/bx/n/12 ã“ã®20è‰²ã§æ›¸ã‹ã‚ŒãŸå›³å½¢ã®ä¸Šã‚’æœ€åˆã¯
å·¦ä¸Šã«ã‚ã‚‹ãƒ—ãƒ­ã‚°ãƒ©ãƒ ãƒã‚¤ãƒ³ã‚¿ãŒã€ Di-
 []


Overfull \hbox (4.16602pt too wide) in paragraph at lines 61--70
\EU1/IPAPMincho(0)/bx/n/12 rectionPointer(ä»¥ä¸‹DP)ã€CodelChooser(ä»¥ä¸‹CC)ã¨
å‘¼ã°ã‚Œã‚‹2ã¤ã®ã‚¹ãƒ†ãƒ¼ãƒˆ
 []


Overfull \hbox (3.73242pt too wide) in paragraph at lines 61--70
\EU1/IPAPMincho(0)/bx/n/12 ã„ã®ã§ã™ãŒ(23-29æšç›®ã®ã¨ã“ã‚ã§ã™)ã€ ç°
¡å˜ã«è¨€ã†ã¨DPãŒä¸Šä¸‹å·¦å³ã®æ–¹å‘ã‚’æŒ‡
 []


Overfull \hbox (2.46094pt too wide) in paragraph at lines 61--70
\EU1/IPAPMincho(0)/bx/n/12 ã—ã€ CCãŒDPã®æŒ‡ã™æ–¹å‘ã‚’å‘ã„ãŸæ™‚ã®å³å·
¦ã‚’æŒ‡å®šã—ã¾ã™ã€‚ ãƒ—ãƒ­ã‚°ãƒ©ãƒ ãƒã‚¤ãƒ³ã‚¿ã¯
 []


Overfull \hbox (5.19727pt too wide) in paragraph at lines 61--70
\EU1/IPAPMincho(0)/bx/n/12 DPã®æ–¹å‘ã‚’å‘ãã€ ä»Šã„ã‚‹ãƒã‚¹ã¨åŒè‰²ã®ã
ƒã‚¹ã®ä¸­ã§ä¸€ç•ªãã®æ–¹å‘ã«é ã„ãƒã‚¹ã‚’æ¢
 []


Overfull \hbox (3.55078pt too wide) in paragraph at lines 71--75
\EU1/IPAPMincho(0)/bx/n/12 ãŒæ±ºå®šã•ã‚Œã¾ã™ã€‚ 6è‰²ã®å·®ã¨3æ˜åº¦ã®å·®(
ãã‚Œãã‚Œå¾ªç’°ã—ã¦è€ƒãˆã¾ã™ã€‚èµ¤ã‹ã‚‰ç·‘ã®
 []


Overfull \hbox (5.98828pt too wide) in paragraph at lines 71--75
\EU1/IPAPMincho(0)/bx/n/12 å·®ã¯2æ®µéšã§ã€ç·‘ã‹ã‚‰èµ¤ã®å·®ã¯4æ®µéšã€‚æ˜
ã‹ã‚‰æš—ã¯2æ®µéšã€æš—ã‹ã‚‰æ˜ã¯1æ®µéš)ã«ã‚ˆ
 []


Overfull \hbox (2.57813pt too wide) in paragraph at lines 76--79
\EU1/IPAPMincho(0)/bx/n/12 æ“ä½œã™ã‚‹ã‚¹ã‚¿ãƒƒã‚¯æŒ‡å‘ãƒ—ãƒ­ã‚°ãƒ©ãƒŸãƒ³ã‚°è
¨€èªã¨ãªã£ã¦ãŠã‚Šã¾ã™ã€‚ ãŠãŠã¾ã‹ã«åˆ†é¡ã™ã‚‹
 []


Overfull \hbox (0.70898pt too wide) in paragraph at lines 76--79
\EU1/IPAPMincho(0)/bx/n/12 ã¨ã‚¹ã‚¿ãƒƒã‚¯æ“ä½œã€å››å‰‡æ¼”ç®—ã€å¦å®šã€æ¯”è
¼ƒã€CCã¨DPã®æ“ä½œã€å…¥å‡ºåŠ›ã®å‘½ä»¤ãŒã‚ã‚Šã¾
 []


Overfull \hbox (2.80664pt too wide) in paragraph at lines 80--83
\EU1/IPAPMincho(0)/bx/n/12 ã‚’å¤‰æ›´ã—ã¦æ–°ãŸãªç§»å‹•å…ˆã‚’æ¢ã—ã€DPã¨CC
ã®4é€šã‚Šx2é€šã‚Šã®8é€šã‚Šã‚’è©¦ã—ã¦ã‚‚ç§»å‹•
 []


Overfull \hbox (7.04865pt too wide) in paragraph at lines 84--93
[]\EU1/IPAPMincho(0)/bx/n/12 ç™½ãƒ–ãƒ­ãƒƒã‚¯ã«ãƒ—ãƒ­ã‚°ãƒ©ãƒ ãƒã‚¤ãƒ³ã‚¿ãŒç§
»å‹•ã—ã‚ˆã†ã¨ã—ãŸæ™‚ã¯DPã®æŒ‡ã—ã¦ã„ã‚‹æ–¹å‘
 []


Overfull \hbox (3.95508pt too wide) in paragraph at lines 84--93
\EU1/IPAPMincho(0)/bx/n/12 ã“ã®ç§»å‹•ã«å‰²ã‚Šå½“ã¦ã‚‰ã‚ŒãŸå‘½ä»¤ã¯å®Ÿè¡Œã
›ãšãƒ—ãƒ­ã‚°ãƒ©ãƒ ãƒã‚¤ãƒ³ã‚¿ã®å¤‰æ›´ã ã‘ã‚’ã—ã¾
 []


Overfull \hbox (0.91992pt too wide) in paragraph at lines 84--93
\EU1/IPAPMincho(0)/bx/n/12 ã™ã€‚ ç§»å‹•ã§ããªã„ãƒ–ãƒ­ãƒƒã‚¯ã«åˆ°é”ã—ãŸ
å ´åˆã¯ã€ ç§»å‹•ã—ã‚ˆã†ã¨ã—ã¦ã„ãŸç™½ãƒ–ãƒ­ãƒƒã‚¯ã‚‚
 []


Overfull \hbox (1.34766pt too wide) in paragraph at lines 84--93
\EU1/IPAPMincho(0)/bx/n/12 ç§»å‹•ã§ããªã„ãƒ–ãƒ­ãƒƒã‚¯æ‰±ã„ã¨ãªã‚Šã€DPã
¨CCã‚’å¤‰æ›´ã—ã¦ã®æ¢ç´¢ã¨ç§»ã‚Šã¾ã™ã€‚ ã“ã®ç§»
 []


Overfull \hbox (11.39648pt too wide) in paragraph at lines 84--93
\EU1/IPAPMincho(0)/bx/n/12 å‹•ã§ã™ãŒã€ç§ã¯æœ€åˆã€Œç™½ãƒ–ãƒ­ãƒƒã‚¯ã«å‡ºã
Ÿæ™‚ãã®ã¾ã¾æ»‘ã£ã¦è¡Œãæ¬¡ã®ãƒ–ãƒ­ãƒƒã‚¯ã«å…¥ã‚‹ã€
 []


Overfull \hbox (4.72852pt too wide) in paragraph at lines 84--93
\EU1/IPAPMincho(0)/bx/n/12 ã¨ç†è§£ã—ã¦ã„ã¾ã—ãŸãŒã€ è‰²ã®ã‚ã‚‹ãƒ–ãƒ­
ãƒƒã‚¯ã«ç§»å‹•ã™ã‚‹ã¨ãã¯ãã‚Œã§è‰¯ã„ã®ã§ã™ãŒã€
 []


Overfull \hbox (4.125pt too wide) in paragraph at lines 84--93
\EU1/IPAPMincho(0)/bx/n/12 æ»‘ã£ã¦ã„ã£ãŸçµæœç§»å‹•ä¸èƒ½ãƒ–ãƒ­ãƒƒã‚¯ã«ã
¶ã¤ã‹ã£ãŸæ™‚ã¯æ­£ã—ããªãã€ æ»‘ã£ãŸã¨ã„ã†ã“
 []


Overfull \hbox (5.25568pt too wide) in paragraph at lines 94--96
[]\EU1/IPAPMincho(0)/bx/n/12 ã“ã®ç™½ãƒ–ãƒ­ãƒƒã‚¯ã‚’æŒŸã‚“ã§è‰²ãƒ–ãƒ­ãƒƒã‚¯ã
¸ç§»å‹•ã—ãŸå ´åˆã«å‘½ä»¤ã‚’å®Ÿè¡Œã—ãªã„ã¨ã„ã†
 []

[2]
Overfull \hbox (2.57813pt too wide) in paragraph at lines 103--108
\EU1/IPAPMincho(0)/bx/n/12 ã‚‚ã®ã€‚ ã‚½ãƒ¼ã‚¹ã‚³ãƒ¼ãƒ‰ãŒå…¬é–‹ã•ã‚Œã¦ã„ã‚‹
ã‚ã‘ã§ã¯ãªã„ã®ã§ã‚ˆãã‚ã‹ã‚‰ãªã„ã®ã§ã™ãŒã€
 []


Overfull \hbox (4.66974pt too wide) in paragraph at lines 109--112
[]\EU1/IPAPMincho(0)/bx/n/12 ã‚µãƒ¼ã‚¯ãƒ«ã®Slackã®Pietãƒãƒ£ãƒ³ãƒãƒ«ã«ã“ã
®ãƒšãƒ¼ã‚¸ã®URIã‚’æŠ•ã’ãŸã¨ã“ã‚ã€ é«˜é€Ÿ
 []


Overfull \hbox (6.94922pt too wide) in paragraph at lines 109--112
\EU1/IPAPMincho(0)/bx/n/12 ã«ã‚¤ãƒ³ã‚¿ãƒ—ãƒªã‚¿ã®éƒ¨åˆ†ã®å°å‹åŒ–ãŒè¡Œã‚ã
‚Œã¾ã—ãŸã€‚ é ­ãŒãŠã‹ã—ã„ã¨æ€ã„ã¾ã™(è¤’ã‚ã¦
 []


Overfull \hbox (7.24805pt too wide) in paragraph at lines 119--122
\EU1/IPAPMincho(0)/bx/n/12 ã‚‹ã‚µãƒ–ãƒ«ãƒ¼ãƒãƒ³ã®åˆ—ã‚’ä½œã‚‹ã‚ˆã†ãªæ„Ÿã˜ã
«ãªã£ã¦ã„ã‚‹ã‚‰ã—ã„ã€‚ ä»Šå›ç§ãŒç”Ÿæˆã™ã‚‹ã‚³ãƒ¼
 []


Overfull \hbox (2.82404pt too wide) in paragraph at lines 123--126
[]\EU1/IPAPMincho(0)/bx/n/12 ã“ã‚Œã®è‰¯ã„æ‰€ã¯ã€C-likeãªã‚³ãƒ¼ãƒ‰ã‹ã‚‰ã‚
¢ã‚»ãƒ³ãƒ–ãƒªlikeãªã‚³ãƒ¼ãƒ‰ã‚’ç”Ÿæˆã§ãã‚‹ã¨ã“
 []


Overfull \hbox (6.83789pt too wide) in paragraph at lines 123--126
\EU1/IPAPMincho(0)/bx/n/12 ã‚ã§ã€ ç¾çŠ¶ã®ç§ã®ã‚³ãƒ¼ãƒ‰ã¯Pietã®æ“¬ä¼¼å‘
½ä»¤ã‹ã‚‰Pietã¸ã®å¤‰æ›ã‚’æä¾›ã—ã¦ã„ã‚‹ã ã‘
 []


Overfull \hbox (6.32227pt too wide) in paragraph at lines 129--134
\EU1/IPAPMincho(0)/bx/n/12 ã“ã‚Œã¯ä»Šå›å…ˆè¡Œã®ã‚‚ã®ã‚’æ¢ã—ã¦ã„ãŸæ™‚ã
«è¦‹ã¤ã‘ãŸã®ã§ã™ãŒã€ \EU1/IPAGothic(0)/m/n/12 Pietã®è‡ªå‹•ç”Ÿæˆ \EU1
/IPAPMincho(0)/bx/n/12 ã§
 []


Overfull \hbox (0.23438pt too wide) in paragraph at lines 129--134
\EU1/IPAPMincho(0)/bx/n/12 ã©ã€ ç‰¹ã«æ›¸ãã¨ã“ãŒè¦‹ã¤ã‹ã‚‰ãªã‹ã£ãŸ
ã®ã§ã“ã“ã«æ›¸ã„ã¨ãã¾ã™ã€‚ Pietã®å…ƒãƒã‚¿ã¨ãª
 []


Overfull \hbox (9.28125pt too wide) in paragraph at lines 137--139
\EU1/IPAPMincho(0)/bx/n/12 å‰å›ã®ãƒšãƒ¼ãƒ‘ãƒ¼(https://nna774.net/piet/c88pap
er.pdf)ã®æ™‚ç‚¹ã‹ã‚‰ã®ç°¡å˜
 []


Overfull \hbox (2.44922pt too wide) in paragraph at lines 137--139
\EU1/IPAPMincho(0)/bx/n/12 ãªdiffã‚’æ›¸ã„ã¦ãŠãã¾ã™ã€‚ è©³ã—ãã¯ç¾åœ
¨ã®çŠ¶æ…‹ã‚’å¾Œè¿°ã™ã‚‹ã¤ã‚‚ã‚Šãªã®ã§ãã¡ã‚‰ã‚’ã”
 []

[3]
Overfull \hbox (7.1424pt too wide) in paragraph at lines 140--144
[]\EU1/IPAPMincho(0)/bx/n/12 ä¸€ã¤ç›®ã®å¤§ããªå¤‰æ›´ã¨ã—ã¦å‰å›ã®ãƒšãƒ
¼ãƒ‘ãƒ¼ã®æ™‚ç‚¹ã§ã¯7x7ã®ã‚µã‚¤ã‚ºã®ã‚¿ã‚¤ãƒ«
 []


Overfull \hbox (13.76367pt too wide) in paragraph at lines 140--144
\EU1/IPAPMincho(0)/bx/n/12 ã“ã¨ã«æˆåŠŸã—ã¾ã—ãŸã€‚ ã“ã‚Œã«ã‚ˆã£ã¦é¢
ç©ã§9/49å€ç¨‹åº¦ã®æœ€é©åŒ–ã«æˆåŠŸã—ã¾ã—ãŸ (å°
 []


Overfull \hbox (2.18555pt too wide) in paragraph at lines 140--144
\EU1/IPAPMincho(0)/bx/n/12 ã•ãã™ã‚‹éš›ã«å¹¾ã¤ã‹ã®å‘½ä»¤ãŒè¤‡æ•°ãƒã‚¹ã
«å±•é–‹ã•ã‚Œã‚‹ã‚ˆã†ã«ãªã£ãŸã®ã§å³å¯†ã«ãã†
 []


Overfull \hbox (6.04669pt too wide) in paragraph at lines 145--151
[]\EU1/IPAPMincho(0)/bx/n/12 ã‚‚ã†ä¸€ã¤ã®å¤§ããªå¤‰æ›´ã¯ã€ ä»¥å‰ã¾ã§ã
¯Gotoç³»ã®å‘½ä»¤ã®å‘½ä»¤æ•°ã«ã¤ã„ã¦O(n)
 []


Overfull \hbox (7.48242pt too wide) in paragraph at lines 145--151
\EU1/IPAPMincho(0)/bx/n/12 ã§ç”Ÿæˆã•ã‚Œã‚‹ç”»åƒã®ç¸¦å¹…ãŒä¼¸ã³ã¦ã„ã¾ã
—ãŸãŒã€ ä¸Šä¸‹æ–¹å‘ã®åœ§ç¸®ã‚’è¡Œã†ã‚³ãƒ¼ãƒ‰ã‚’å…¥
 []


Overfull \hbox (1.2539pt too wide) in paragraph at lines 145--151
\EU1/IPAPMincho(0)/bx/n/12 ã‚Œã‚‹ã“ã¨ã«ã‚ˆã£ã¦ã€ max(ã‚¸ãƒ£ãƒ³ãƒ—ã®é–“ã
«ã¾ãŸãgotoå‘½ä»¤)ç¨‹åº¦ã¾ã§ç¸¦æ–¹å‘ã®å¤ªã•
 []


Overfull \hbox (5.73633pt too wide) in paragraph at lines 154--159
\EU1/IPAPMincho(0)/bx/n/12 ã‹ã£ãŸã§ã™ã€‚ã©ã†ã„ã†ãµã†ã«æãã¾ã—ã
Ÿã‹ï¼Ÿ æœ€åˆã¯ä¸€ç›´ç·šãªçµµã‚’æãã¾ã—ãŸã‹ï¼Ÿ é ­
 []


Overfull \hbox (1.89258pt too wide) in paragraph at lines 154--159
\EU1/IPAPMincho(0)/bx/n/12 ã®ãªã‹ã§Pietã§ä½¿ãˆã‚‹å‘½ä»¤ã‚’ä¸¦ã¹ã¦æ“¬ä¼¼
ã‚³ãƒ¼ãƒ‰ã‚’ä½œã‚Šã¾ã—ãŸã‚ˆã­ï¼Ÿ ã¨ã„ã†ã‚ã‘ã§ã€
 []


Overfull \hbox (7.60547pt too wide) in paragraph at lines 154--159
\EU1/IPAPMincho(0)/bx/n/12 æ“¬ä¼¼å‘½ä»¤ã®åˆ—ã‹ã‚‰ãã®ã¾ã¾Pietã¸ã¨è½ã¨
ã›ã‚‹ã‚ˆã†ãªã‚‚ã®ã‚’ä½œã‚ã†ã¨æ€ã£ãŸã®ãŒå§‹ã¾
 []


Overfull \hbox (4.01935pt too wide) in paragraph at lines 160--166
[]\EU1/IPAPMincho(0)/bx/n/12 Pietã®ãƒ—ãƒ­ã‚°ãƒ©ãƒ ã‚«ã‚¦ãƒ³ã‚¿ã®ç§»å‹•ã®éš›ã
®ãƒ«ãƒ¼ãƒ«ã¨ã—ã¦ã€ è‰²ãƒã‚¹ã‹ã‚‰è‰²ãƒã‚¹ã¸ã¨
 []


Overfull \hbox (2.92969pt too wide) in paragraph at lines 160--166
\EU1/IPAPMincho(0)/bx/n/12 ç›´æ¥ç§»å‹•ã—ãŸå ´åˆã¯å‘½ä»¤ã‚’å®Ÿè¡Œã™ã‚‹ãŒã
€ ç™½ãƒã‚¹ã‚’æŒŸã‚“ã§ç§»å‹•ã—ãŸå ´åˆã¯å®Ÿè¡Œã—
 []


Overfull \hbox (6.65625pt too wide) in paragraph at lines 160--166
\EU1/IPAPMincho(0)/bx/n/12 ãªã„ã¨ã„ã†æ€§è³ªãŒã‚ã‚Šã¾ã™ã€‚ ã“ã®æ€§è³ª
ã‚’åˆ©ç”¨ã—ã¦ã€Pietã®1å‘½ä»¤ã‚’å®Ÿè¡Œã™ã‚‹äºŒè‰²ã®
 []


Overfull \hbox (6.28125pt too wide) in paragraph at lines 160--166
\EU1/IPAPMincho(0)/bx/n/12 ã‚³ãƒ¼ãƒ‡ãƒ«(ãƒ”ã‚¯ã‚»ãƒ«ã®è«–ç†å˜ä½)ã‚’ç½®ãã€
 ãã‚Œã‚’é£›ã³è¶Šãˆã¦ä½™åˆ†ãªå‘½ä»¤ã‚’å®Ÿè¡Œã•ã›
 []


Overfull \hbox (5.41406pt too wide) in paragraph at lines 160--166
\EU1/IPAPMincho(0)/bx/n/12 ãªã„ãŸã‚ã®ç™½ãƒã‚¹ã§æŒŸã‚“ã ã‚‚ã®ã‚’ä¸€ã¤ã
®æ§‹æˆå˜ä½(ç§ã¯ãƒ–ãƒ­ãƒƒã‚¯ã¨å‘¼ã‚“ã§ã„ã¾ã™)
 []


Overfull \hbox (6.8789pt too wide) in paragraph at lines 160--166
\EU1/IPAPMincho(0)/bx/n/12 ã¨ã—ã¾ã—ãŸã€‚ æœ€åˆã®å·¦ä¸Šã®ãƒ–ãƒ­ãƒƒã‚¯ã§
ã€å³ã¸ã¨å‘ã‹ã†ä¸€ç›´ç·šã®å‘½ä»¤åˆ—ãƒ–ãƒ­ãƒƒã‚¯ãŒæ­£
 []

File: images/783f2ae98363220ed6859c9bd97cb4ff.png Graphic file (type QTm)
<use  "images/783f2ae98363220ed6859c9bd97cb4ff.png" >
Overfull \hbox (17.62482pt too wide) in paragraph at lines 167--170
[][][][] 
 []


Overfull \hbox (1.96875pt too wide) in paragraph at lines 167--170
\EU1/IPAPMincho(0)/bx/n/12 èµ¤ã¨é’ã®ãƒãƒƒãƒã¯æ¥ç¶šæ–¹å‘ã‚’è¡¨ã™ãƒãƒ¼ã
‚«ãªã®ã§ã€ æœ¬è³ªçš„ã«ã¯ä¸è¦ãªã®ã§ç„¡è¦–ã—
 []

[4]
Overfull \hbox (8.06818pt too wide) in paragraph at lines 171--175
[]\EU1/IPAPMincho(0)/bx/n/12 ä¸€ç›´ç·šã®ãƒ–ãƒ­ãƒƒã‚¯ã®åˆ—ã ã¨ã€åˆ†å²ã‚‚ãƒ
«ãƒ¼ãƒ—ã‚‚ã§ããšã€ ã¤ã¾ã‚Šæ§‹é€ åŒ–å®šç†ã®é †æ¬¡
 []


Overfull \hbox (4.53516pt too wide) in paragraph at lines 176--183
\EU1/IPAPMincho(0)/bx/n/12 ã‚’ä½¿ã†ã¨ã‚¹ã‚¿ãƒƒã‚¯ã®å…ˆé ­ãŒ0ã®æ™‚ã ã‘å…ˆ
é ­ã‚’1ã«å¤‰ãˆã€ ãã‚Œä»¥å¤–ã®æ™‚ã¯å…ˆé ­ã‚’0ã«
 []

File: images/3c7bc0cb0dd41680c6b652ef4486b390.png Graphic file (type QTm)
<use  "images/3c7bc0cb0dd41680c6b652ef4486b390.png" >
Overfull \hbox (17.62482pt too wide) in paragraph at lines 184--187
[][][][] 
 []


Overfull \hbox (13.23029pt too wide) in paragraph at lines 188--190
[]\EU1/IPAPMincho(0)/bx/n/12 ã“ã‚Œã§åˆ†å²ã™ã‚‹ã“ã¨ã«ã¯æˆåŠŸã—ãŸã®ã
§ã€ é©å½“ãªã¨ã“ã‚ã«åˆæµã—ãŸã„ã¨æ€ã„ã¾ã™ã€‚ 
 []

[5]
File: images/4f893a8b1a52e2de3f9bd70338ebb9b8.png Graphic file (type QTm)
 <use  "images/4f893a8b1a52e2de3f9bd70338ebb9b8.png" >
Overfull \hbox (17.62482pt too wide) in paragraph at lines 191--195
[][][][] 
 []


Overfull \hbox (3.22852pt too wide) in paragraph at lines 191--195
\EU1/IPAPMincho(0)/bx/n/12 ã“ã®ã‚ˆã†ãªæ§‹é€ ã§ãƒ—ãƒ­ã‚°ãƒ©ãƒ ã‚«ã‚¦ãƒ³ã‚¿ã
Œä¸‹ã‹ã‚‰æ¥ãŸå ´åˆã¨å·¦ã‹ã‚‰æ¥ãŸå ´åˆã«åˆæµ
 []


Overfull \hbox (0.76758pt too wide) in paragraph at lines 191--195
\EU1/IPAPMincho(0)/bx/n/12 ã—ã¦ã¨ã‚‚ã«å³ã«æµã™ã“ã¨ãŒã§ãã‚‹ã®ã§ã
€ ã“ã“ã«é£›ã‚“ã§æ¥ã‚‹ã‚¸ãƒ£ãƒ³ãƒ—ã®ã‚ˆã†ãªã‚‚ã®ãŒ
 []


Overfull \hbox (1.72266pt too wide) in paragraph at lines 191--195
\EU1/IPAPMincho(0)/bx/n/12 æ›¸ã‘ã¦ã€ ã‚ã¨ã¯ã™ãã«ã‚ã‹ã‚‹æ§‹é€ ã§ã€
ä»¥ä¸‹ã®æ§˜ãªå¾Œã‚å‘ãã¸ã®æ¡ä»¶ä»˜ãã‚¸ãƒ£ãƒ³ãƒ—
 []

File: images/846e9f87a072a65e02e6943e20adc534.png Graphic file (type QTm)
<use  "images/846e9f87a072a65e02e6943e20adc534.png" >
Overfull \hbox (17.62482pt too wide) in paragraph at lines 196--197
[][][][] 
 []

Package atveryend Info: Empty hook `BeforeClearDocument' on input line 199.
[6]
Package atveryend Info: Empty hook `AfterLastShipout' on input line 199.
 (./C89Book.aux)
Package atveryend Info: Empty hook `AtVeryEndDocument' on input line 199.
Package atveryend Info: Empty hook `AtEndAfterFileList' on input line 199.


LaTeX Font Warning: Some font shapes were not available, defaults substituted.

Package atveryend Info: Empty hook `AtVeryVeryEnd' on input line 199.
 ) 
Here is how much of TeX's memory you used:
 18462 strings out of 494003
 370221 string characters out of 3152810
 391402 words of memory out of 3000000
 21559 multiletter control sequences out of 15000+200000
 4066 words of font info for 31 fonts, out of 3000000 for 9000
 1144 hyphenation exceptions out of 8191
 50i,6n,45p,637b,336s stack positions out of 5000i,500n,10000p,200000b,50000s

Output written on C89Book.pdf (6 pages).
